<?xml version="1.0" encoding="UTF-8"?>
<testsuites name="AmazonCategory_Excel_DDT_001" time="85.362" tests="2" failures="0" errors="0">
   <testsuite name="AmazonCategory_Excel_DDT_001" tests="2" failures="0" errors="0" time="85.362" skipped="0" timestamp="31-01-2024T23:34:06" hostname="avina - 10.1.184.120" id="Test Suites/AMAZON_AUT_CategoryValidation_DDT/AmazonCategory_Excel_DDT_001">
      <properties>
         <property name="deviceName" value=""/>
         <property name="devicePlatform" value=""/>
         <property name="logFolder" value="C:\\Users\\avina\\git\\SI-GuidedProject-705559-1705495203\\AMAZON AUT\\Reports\\20240131_233402\\AMAZON_AUT_CategoryValidation_DDT\\AmazonCategory_Excel_DDT_001\\20240131_233402"/>
         <property name="logFiles" value="C:\\Users\\avina\\git\\SI-GuidedProject-705559-1705495203\\AMAZON AUT\\Reports\\20240131_233402\\AMAZON_AUT_CategoryValidation_DDT\\AmazonCategory_Excel_DDT_001\\20240131_233402\\execution0.log"/>
         <property name="attachments" value=""/>
         <property name="hostName" value="avina - 10.1.184.120"/>
         <property name="os" value="Windows 11 64bit"/>
         <property name="katalonVersion" value="9.1.0.212"/>
         <property name="browser" value="Chrome 121.0.0.0"/>
         <property name="hostAddress" value="10.1.184.120"/>
         <property name="sessionId" value="b1d4cf252d5e9c96192d7f9c42172915"/>
         <property name="seleniumVersion" value="3.141.59"/>
         <property name="proxyInformation" value="ProxyInformation { proxyOption=NO_PROXY, proxyServerType=HTTP, username=, password=********, proxyServerAddress=, proxyServerPort=0, executionList=&quot;&quot;, isApplyToDesiredCapabilities=true }"/>
         <property name="platform" value="Windows 11"/>
      </properties>
      <testcase name="Test Cases/006_TC_AMAZON_ValidationAmazonCategory_DDTExcel" time="54.927" classname="Test Cases/006_TC_AMAZON_ValidationAmazonCategory_DDTExcel" status="PASSED">
         <system-out><![CDATA[31-01-2024T23:34:07 - [TEST_CASE][PASSED] - Test Cases/006_TC_AMAZON_ValidationAmazonCategory_DDTExcel: Test Cases/006_TC_AMAZON_ValidationAmazonCategory_DDTExcel

31-01-2024T23:34:07 - [TEST_STEP][PASSED] - openBrowser(""): Browser is opened with url: ''

31-01-2024T23:34:07 - [MESSAGE][INFO] - Starting 'Chrome' driver

31-01-2024T23:34:07 - [MESSAGE][INFO] - Action delay is set to 0 milliseconds

31-01-2024T23:34:09 - [MESSAGE][PASSED] - Browser is opened with url: ''

31-01-2024T23:34:09 - [TEST_STEP][PASSED] - navigateToUrl("https://www.amazon.com/"): Navigate to 'https://www.amazon.com/' successfully

31-01-2024T23:34:14 - [MESSAGE][PASSED] - Navigate to 'https://www.amazon.com/' successfully

31-01-2024T23:34:14 - [TEST_STEP][PASSED] - selectOptionByLabel(findTestObject("AMAZON_CategoryValidationDDT_OR/Page_Amazon.com. Spend less. Smile more/All Departments"), category, false): All options with label 'Baby' are selected in object 'Object Repository/AMAZON_CategoryValidationDDT_OR/Page_Amazon.com. Spend less. Smile more/All Departments' 

31-01-2024T23:34:49 - [MESSAGE][PASSED] - All options with label 'Baby' are selected in object 'Object Repository/AMAZON_CategoryValidationDDT_OR/Page_Amazon.com. Spend less. Smile more/All Departments' 

31-01-2024T23:34:49 - [TEST_STEP][PASSED] - setText(findTestObject("AMAZON_CategoryValidationDDT_OR/Page_Amazon.com. Spend less. Smile more/input_Search_field"), item): Text 'Walker' is set on object 'Object Repository/AMAZON_CategoryValidationDDT_OR/Page_Amazon.com. Spend less. Smile more/input_Search_field'

31-01-2024T23:34:51 - [MESSAGE][PASSED] - Text 'Walker' is set on object 'Object Repository/AMAZON_CategoryValidationDDT_OR/Page_Amazon.com. Spend less. Smile more/input_Search_field'

31-01-2024T23:34:51 - [TEST_STEP][PASSED] - click(findTestObject("AMAZON_CategoryValidationDDT_OR/Page_Amazon.com. Spend less. Smile more/Search-submit-button")): Object: 'Object Repository/AMAZON_CategoryValidationDDT_OR/Page_Amazon.com. Spend less. Smile more/Search-submit-button' is clicked on

31-01-2024T23:35:01 - [MESSAGE][PASSED] - Object: 'Object Repository/AMAZON_CategoryValidationDDT_OR/Page_Amazon.com. Spend less. Smile more/Search-submit-button' is clicked on

31-01-2024T23:35:01 - [TEST_STEP][PASSED] - closeBrowser(): Browser is closed

31-01-2024T23:35:02 - [MESSAGE][PASSED] - Browser is closed]]></system-out>
         <system-err><![CDATA[]]></system-err>
      </testcase>
      <testcase name="Test Cases/006_TC_AMAZON_ValidationAmazonCategory_DDTExcel" time="30.101" classname="Test Cases/006_TC_AMAZON_ValidationAmazonCategory_DDTExcel" status="PASSED">
         <system-out><![CDATA[31-01-2024T23:35:02 - [TEST_CASE][PASSED] - Test Cases/006_TC_AMAZON_ValidationAmazonCategory_DDTExcel: Test Cases/006_TC_AMAZON_ValidationAmazonCategory_DDTExcel

31-01-2024T23:35:02 - [TEST_STEP][PASSED] - openBrowser(""): Browser is opened with url: ''

31-01-2024T23:35:02 - [MESSAGE][INFO] - Starting 'Chrome' driver

31-01-2024T23:35:02 - [MESSAGE][INFO] - Action delay is set to 0 milliseconds

31-01-2024T23:35:02 - [MESSAGE][PASSED] - Browser is opened with url: ''

31-01-2024T23:35:02 - [TEST_STEP][PASSED] - navigateToUrl("https://www.amazon.com/"): Navigate to 'https://www.amazon.com/' successfully

31-01-2024T23:35:04 - [MESSAGE][PASSED] - Navigate to 'https://www.amazon.com/' successfully

31-01-2024T23:35:04 - [TEST_STEP][PASSED] - selectOptionByLabel(findTestObject("AMAZON_CategoryValidationDDT_OR/Page_Amazon.com. Spend less. Smile more/All Departments"), category, false): All options with label 'Books' are selected in object 'Object Repository/AMAZON_CategoryValidationDDT_OR/Page_Amazon.com. Spend less. Smile more/All Departments' 

31-01-2024T23:35:21 - [MESSAGE][PASSED] - All options with label 'Books' are selected in object 'Object Repository/AMAZON_CategoryValidationDDT_OR/Page_Amazon.com. Spend less. Smile more/All Departments' 

31-01-2024T23:35:21 - [TEST_STEP][PASSED] - setText(findTestObject("AMAZON_CategoryValidationDDT_OR/Page_Amazon.com. Spend less. Smile more/input_Search_field"), item): Text 'Python' is set on object 'Object Repository/AMAZON_CategoryValidationDDT_OR/Page_Amazon.com. Spend less. Smile more/input_Search_field'

31-01-2024T23:35:24 - [MESSAGE][PASSED] - Text 'Python' is set on object 'Object Repository/AMAZON_CategoryValidationDDT_OR/Page_Amazon.com. Spend less. Smile more/input_Search_field'

31-01-2024T23:35:24 - [TEST_STEP][PASSED] - click(findTestObject("AMAZON_CategoryValidationDDT_OR/Page_Amazon.com. Spend less. Smile more/Search-submit-button")): Object: 'Object Repository/AMAZON_CategoryValidationDDT_OR/Page_Amazon.com. Spend less. Smile more/Search-submit-button' is clicked on

31-01-2024T23:35:32 - [MESSAGE][PASSED] - Object: 'Object Repository/AMAZON_CategoryValidationDDT_OR/Page_Amazon.com. Spend less. Smile more/Search-submit-button' is clicked on

31-01-2024T23:35:32 - [TEST_STEP][PASSED] - closeBrowser(): Browser is closed

31-01-2024T23:35:32 - [MESSAGE][PASSED] - Browser is closed]]></system-out>
         <system-err><![CDATA[]]></system-err>
      </testcase>
      <system-out><![CDATA[31-01-2024T23:34:06 - [TEST_SUITE][PASSED] - AmazonCategory_Excel_DDT_001: Test Cases/006_TC_AMAZON_ValidationAmazonCategory_DDTExcel]]></system-out>
      <system-err><![CDATA[]]></system-err>
   </testsuite>
</testsuites>
