<?xml version="1.0" encoding="UTF-8"?>
<testsuites name="AddToCart_TestListner" time="180.623" tests="1" failures="0" errors="0">
   <testsuite name="AddToCart_TestListner" tests="1" failures="0" errors="0" time="180.623" skipped="0" timestamp="02-02-2024T00:13:29" hostname="avina - 10.1.195.80" id="Test Suites/AMAZON_AUT_AddToCart_TestListners/AddToCart_TestListner">
      <properties>
         <property name="deviceName" value=""/>
         <property name="devicePlatform" value=""/>
         <property name="logFolder" value="C:\\Users\\avina\\git\\SI-GuidedProject-705559-1705495203\\AMAZON AUT\\Reports\\20240202_001321\\AMAZON_AUT_AddToCart_TestListners\\AddToCart_TestListner\\20240202_001321"/>
         <property name="logFiles" value="C:\\Users\\avina\\git\\SI-GuidedProject-705559-1705495203\\AMAZON AUT\\Reports\\20240202_001321\\AMAZON_AUT_AddToCart_TestListners\\AddToCart_TestListner\\20240202_001321\\execution0.log"/>
         <property name="attachments" value=""/>
         <property name="hostName" value="avina - 10.1.195.80"/>
         <property name="os" value="Windows 11 64bit"/>
         <property name="katalonVersion" value="9.1.0.212"/>
         <property name="browser" value="Chrome 121.0.0.0"/>
         <property name="hostAddress" value="10.1.195.80"/>
         <property name="sessionId" value="cfc9788bbf140dec210848bc540a876e"/>
         <property name="seleniumVersion" value="3.141.59"/>
         <property name="proxyInformation" value="ProxyInformation { proxyOption=NO_PROXY, proxyServerType=HTTP, username=, password=********, proxyServerAddress=, proxyServerPort=0, executionList=&quot;&quot;, isApplyToDesiredCapabilities=true }"/>
         <property name="platform" value="Windows 11"/>
      </properties>
      <testcase name="Test Cases/011_TC_AMAZON_AddToCart_TestListner" time="180.244" classname="Test Cases/011_TC_AMAZON_AddToCart_TestListner" status="PASSED">
         <system-out><![CDATA[02-02-2024T00:13:30 - [TEST_CASE][PASSED] - Test Cases/011_TC_AMAZON_AddToCart_TestListner: Test Cases/011_TC_AMAZON_AddToCart_TestListner

02-02-2024T00:13:30 - [TEST_STEP][PASSED] - Start listener action : sampleBeforeTestCase: Object: 'Object Repository/AMAZON_ValidateAddToCart_OR/Page_Amazon Sign-In/inputsignInSubmit' is clicked on

02-02-2024T00:13:30 - [TEST_STEP][PASSED] - openBrowser(""): Browser is opened with url: ''

02-02-2024T00:13:30 - [MESSAGE][INFO] - Starting 'Chrome' driver

02-02-2024T00:13:30 - [MESSAGE][INFO] - Action delay is set to 0 milliseconds

02-02-2024T00:13:33 - [MESSAGE][PASSED] - Browser is opened with url: ''

02-02-2024T00:13:33 - [TEST_STEP][PASSED] - navigateToUrl("https://www.amazon.com/"): Navigate to 'https://www.amazon.com/' successfully

02-02-2024T00:13:40 - [MESSAGE][PASSED] - Navigate to 'https://www.amazon.com/' successfully

02-02-2024T00:13:40 - [TEST_STEP][PASSED] - click(findTestObject("Object Repository/AMAZON_ValidateAddToCart_OR/Page_Amazon.com. Spend less. Smile more/span_Hello, sign in")): Object: 'Object Repository/AMAZON_ValidateAddToCart_OR/Page_Amazon.com. Spend less. Smile more/span_Hello, sign in' is clicked on

02-02-2024T00:14:32 - [MESSAGE][PASSED] - Object: 'Object Repository/AMAZON_ValidateAddToCart_OR/Page_Amazon.com. Spend less. Smile more/span_Hello, sign in' is clicked on

02-02-2024T00:14:32 - [TEST_STEP][PASSED] - setText(findTestObject("Object Repository/AMAZON_ValidateAddToCart_OR/Page_Amazon Sign-In/input_email"), "9317171704"): Text '9317171704' is set on object 'Object Repository/AMAZON_ValidateAddToCart_OR/Page_Amazon Sign-In/input_email'

02-02-2024T00:14:34 - [MESSAGE][PASSED] - Text '9317171704' is set on object 'Object Repository/AMAZON_ValidateAddToCart_OR/Page_Amazon Sign-In/input_email'

02-02-2024T00:14:34 - [TEST_STEP][PASSED] - click(findTestObject("Object Repository/AMAZON_ValidateAddToCart_OR/Page_Amazon Sign-In/inputcontinue")): Object: 'Object Repository/AMAZON_ValidateAddToCart_OR/Page_Amazon Sign-In/inputcontinue' is clicked on

02-02-2024T00:14:36 - [MESSAGE][PASSED] - Object: 'Object Repository/AMAZON_ValidateAddToCart_OR/Page_Amazon Sign-In/inputcontinue' is clicked on

02-02-2024T00:14:36 - [TEST_STEP][PASSED] - setEncryptedText(findTestObject("Object Repository/AMAZON_ValidateAddToCart_OR/Page_Amazon Sign-In/input_password"), "VOnTHcYiLTbiLaiba9HOxQ=="): Text ****** has been set on object 'Object Repository/AMAZON_ValidateAddToCart_OR/Page_Amazon Sign-In/input_password'

02-02-2024T00:14:37 - [MESSAGE][PASSED] - Text ****** has been set on object 'Object Repository/AMAZON_ValidateAddToCart_OR/Page_Amazon Sign-In/input_password'

02-02-2024T00:14:37 - [TEST_STEP][PASSED] - click(findTestObject("Object Repository/AMAZON_ValidateAddToCart_OR/Page_Amazon Sign-In/inputsignInSubmit")): Object: 'Object Repository/AMAZON_ValidateAddToCart_OR/Page_Amazon Sign-In/inputsignInSubmit' is clicked on

02-02-2024T00:14:37 - [MESSAGE][PASSED] - Object: 'Object Repository/AMAZON_ValidateAddToCart_OR/Page_Amazon Sign-In/inputsignInSubmit' is clicked on

02-02-2024T00:14:37 - [TEST_STEP][PASSED] - setText(findTestObject("Object Repository/AMAZON_ValidateAddToCart_OR/Page_Amazon.com. Spend less. Smile more/input_field-keywords"), "ikigai book"): Text 'ikigai book' is set on object 'Object Repository/AMAZON_ValidateAddToCart_OR/Page_Amazon.com. Spend less. Smile more/input_field-keywords'

02-02-2024T00:15:22 - [MESSAGE][PASSED] - Text 'ikigai book' is set on object 'Object Repository/AMAZON_ValidateAddToCart_OR/Page_Amazon.com. Spend less. Smile more/input_field-keywords'

02-02-2024T00:15:22 - [TEST_STEP][PASSED] - click(findTestObject("Object Repository/AMAZON_ValidateAddToCart_OR/Page_Amazon.com. Spend less. Smile more/inputnav-search-submit-button")): Object: 'Object Repository/AMAZON_ValidateAddToCart_OR/Page_Amazon.com. Spend less. Smile more/inputnav-search-submit-button' is clicked on

02-02-2024T00:15:51 - [MESSAGE][PASSED] - Object: 'Object Repository/AMAZON_ValidateAddToCart_OR/Page_Amazon.com. Spend less. Smile more/inputnav-search-submit-button' is clicked on

02-02-2024T00:15:51 - [TEST_STEP][PASSED] - click(findTestObject("Object Repository/AMAZON_ValidateAddToCart_OR/Page_Amazon.com  ikigai book/span_Ikigai The Japanese Secret to a Long a_7b4a50")): Object: 'Object Repository/AMAZON_ValidateAddToCart_OR/Page_Amazon.com  ikigai book/span_Ikigai The Japanese Secret to a Long a_7b4a50' is clicked on

02-02-2024T00:16:13 - [MESSAGE][PASSED] - Object: 'Object Repository/AMAZON_ValidateAddToCart_OR/Page_Amazon.com  ikigai book/span_Ikigai The Japanese Secret to a Long a_7b4a50' is clicked on

02-02-2024T00:16:13 - [TEST_STEP][PASSED] - click(findTestObject("Object Repository/AMAZON_ValidateAddToCart_OR/Page_Amazon.com Ikigai The Japanese Secret _084d27/input_submit.add-to-cart")): Object: 'Object Repository/AMAZON_ValidateAddToCart_OR/Page_Amazon.com Ikigai The Japanese Secret _084d27/input_submit.add-to-cart' is clicked on

02-02-2024T00:16:29 - [MESSAGE][PASSED] - Object: 'Object Repository/AMAZON_ValidateAddToCart_OR/Page_Amazon.com Ikigai The Japanese Secret _084d27/input_submit.add-to-cart' is clicked on

02-02-2024T00:16:29 - [TEST_STEP][PASSED] - Start listener action : sampleAfterTestCase: Browser is closed

02-02-2024T00:16:29 - [TEST_STEP][PASSED] - closeBrowser(): Browser is closed

02-02-2024T00:16:30 - [MESSAGE][PASSED] - Browser is closed]]></system-out>
         <system-err><![CDATA[]]></system-err>
      </testcase>
      <system-out><![CDATA[02-02-2024T00:13:29 - [TEST_SUITE][PASSED] - AddToCart_TestListner: Test Cases/011_TC_AMAZON_AddToCart_TestListner]]></system-out>
      <system-err><![CDATA[]]></system-err>
   </testsuite>
</testsuites>
