<?xml version="1.0" encoding="UTF-8"?>
<testsuites name="SearchFieldItems" time="94.093" tests="1" failures="0" errors="0">
   <testsuite name="SearchFieldItems" tests="1" failures="0" errors="0" time="94.093" skipped="0" timestamp="01-02-2024T22:33:17" hostname="avina - 10.1.195.80" id="Test Suites/AMAZON_AUT_BASIC_FEATURES/SearchFieldItems">
      <properties>
         <property name="deviceName" value=""/>
         <property name="devicePlatform" value=""/>
         <property name="logFolder" value="C:\\Users\\avina\\git\\SI-GuidedProject-705559-1705495203\\AMAZON AUT\\Reports\\20240201_223306\\AMAZON_AUT_BASIC_FEATURES\\SearchFieldItems\\20240201_223307"/>
         <property name="logFiles" value="C:\\Users\\avina\\git\\SI-GuidedProject-705559-1705495203\\AMAZON AUT\\Reports\\20240201_223306\\AMAZON_AUT_BASIC_FEATURES\\SearchFieldItems\\20240201_223307\\execution0.log"/>
         <property name="attachments" value=""/>
         <property name="hostName" value="avina - 10.1.195.80"/>
         <property name="os" value="Windows 11 64bit"/>
         <property name="katalonVersion" value="9.1.0.212"/>
         <property name="browser" value="Chrome 121.0.0.0"/>
         <property name="hostAddress" value="10.1.195.80"/>
         <property name="sessionId" value="35668be30061ad00fc8741fc11365fce"/>
         <property name="seleniumVersion" value="3.141.59"/>
         <property name="proxyInformation" value="ProxyInformation { proxyOption=NO_PROXY, proxyServerType=HTTP, username=, password=********, proxyServerAddress=, proxyServerPort=0, executionList=&quot;&quot;, isApplyToDesiredCapabilities=true }"/>
         <property name="platform" value="Windows 11"/>
      </properties>
      <testcase name="Test Cases/002_TC_AMAZON_ValidateSearchFieldItem" time="93.861" classname="Test Cases/002_TC_AMAZON_ValidateSearchFieldItem" status="PASSED">
         <system-out><![CDATA[01-02-2024T22:33:17 - [TEST_CASE][PASSED] - Test Cases/002_TC_AMAZON_ValidateSearchFieldItem: Test Cases/002_TC_AMAZON_ValidateSearchFieldItem

01-02-2024T22:33:17 - [TEST_STEP][PASSED] - openBrowser(""): Browser is opened with url: ''

01-02-2024T22:33:18 - [MESSAGE][INFO] - Starting 'Chrome' driver

01-02-2024T22:33:18 - [MESSAGE][INFO] - Action delay is set to 0 milliseconds

01-02-2024T22:33:19 - [MESSAGE][PASSED] - Browser is opened with url: ''

01-02-2024T22:33:19 - [TEST_STEP][PASSED] - navigateToUrl("https://www.amazon.com/"): Navigate to 'https://www.amazon.com/' successfully

01-02-2024T22:33:22 - [MESSAGE][PASSED] - Navigate to 'https://www.amazon.com/' successfully

01-02-2024T22:33:22 - [TEST_STEP][PASSED] - selectOptionByValue(findTestObject("Object Repository/AMAZON_ValidateSearchFiledItem_OR/Page_Amazon.com. Spend less. Smile more/select_All Departments        Arts  Crafts _135c92"), "search-alias=stripbooks-intl-ship", true): All options with value 'search-alias=stripbooks-intl-ship' are selected in object 'Object Repository/AMAZON_ValidateSearchFiledItem_OR/Page_Amazon.com. Spend less. Smile more/select_All Departments        Arts  Crafts _135c92'  using regular expression

01-02-2024T22:34:24 - [MESSAGE][PASSED] - All options with value 'search-alias=stripbooks-intl-ship' are selected in object 'Object Repository/AMAZON_ValidateSearchFiledItem_OR/Page_Amazon.com. Spend less. Smile more/select_All Departments        Arts  Crafts _135c92'  using regular expression

01-02-2024T22:34:24 - [TEST_STEP][PASSED] - setText(findTestObject("Object Repository/AMAZON_ValidateSearchFiledItem_OR/Page_Amazon.com. Spend less. Smile more/input_field-keywords"), "Ikigai"): Text 'Ikigai' is set on object 'Object Repository/AMAZON_ValidateSearchFiledItem_OR/Page_Amazon.com. Spend less. Smile more/input_field-keywords'

01-02-2024T22:34:25 - [MESSAGE][PASSED] - Text 'Ikigai' is set on object 'Object Repository/AMAZON_ValidateSearchFiledItem_OR/Page_Amazon.com. Spend less. Smile more/input_field-keywords'

01-02-2024T22:34:25 - [TEST_STEP][PASSED] - click(findTestObject("Object Repository/AMAZON_ValidateSearchFiledItem_OR/Page_Amazon.com. Spend less. Smile more/inputnav-search-submit-button")): Object: 'Object Repository/AMAZON_ValidateSearchFiledItem_OR/Page_Amazon.com. Spend less. Smile more/inputnav-search-submit-button' is clicked on

01-02-2024T22:34:50 - [MESSAGE][PASSED] - Object: 'Object Repository/AMAZON_ValidateSearchFiledItem_OR/Page_Amazon.com. Spend less. Smile more/inputnav-search-submit-button' is clicked on

01-02-2024T22:34:50 - [TEST_STEP][PASSED] - closeBrowser(): Browser is closed

01-02-2024T22:34:51 - [MESSAGE][PASSED] - Browser is closed]]></system-out>
         <system-err><![CDATA[]]></system-err>
      </testcase>
      <system-out><![CDATA[01-02-2024T22:33:17 - [TEST_SUITE][PASSED] - SearchFieldItems: Test Cases/002_TC_AMAZON_ValidateSearchFieldItem]]></system-out>
      <system-err><![CDATA[]]></system-err>
   </testsuite>
</testsuites>
