<?xml version="1.0" encoding="UTF-8"?>
<testsuites name="AmazonCategory_InternalData_DDT_003" time="106.617" tests="2" failures="0" errors="0">
   <testsuite name="AmazonCategory_InternalData_DDT_003" tests="2" failures="0" errors="0" time="106.617" skipped="0" timestamp="31-01-2024T23:47:38" hostname="avina - 10.1.184.120" id="Test Suites/AMAZON_AUT_CategoryValidation_DDT/AmazonCategory_InternalData_DDT_003">
      <properties>
         <property name="deviceName" value=""/>
         <property name="devicePlatform" value=""/>
         <property name="logFolder" value="C:\\Users\\avina\\git\\SI-GuidedProject-705559-1705495203\\AMAZON AUT\\Reports\\20240131_234734\\AMAZON_AUT_CategoryValidation_DDT\\AmazonCategory_InternalData_DDT_003\\20240131_234734"/>
         <property name="logFiles" value="C:\\Users\\avina\\git\\SI-GuidedProject-705559-1705495203\\AMAZON AUT\\Reports\\20240131_234734\\AMAZON_AUT_CategoryValidation_DDT\\AmazonCategory_InternalData_DDT_003\\20240131_234734\\execution0.log"/>
         <property name="attachments" value=""/>
         <property name="hostName" value="avina - 10.1.184.120"/>
         <property name="os" value="Windows 11 64bit"/>
         <property name="katalonVersion" value="9.1.0.212"/>
         <property name="browser" value="Chrome 121.0.0.0"/>
         <property name="hostAddress" value="10.1.184.120"/>
         <property name="sessionId" value="7050e29c9a128f466f7e853e5bac9e1c"/>
         <property name="seleniumVersion" value="3.141.59"/>
         <property name="proxyInformation" value="ProxyInformation { proxyOption=NO_PROXY, proxyServerType=HTTP, username=, password=********, proxyServerAddress=, proxyServerPort=0, executionList=&quot;&quot;, isApplyToDesiredCapabilities=true }"/>
         <property name="platform" value="Windows 11"/>
      </properties>
      <testcase name="Test Cases/008_TC_AMAZON_ValidationAmazonCategory_DDT_InternalData" time="53.254" classname="Test Cases/008_TC_AMAZON_ValidationAmazonCategory_DDT_InternalData" status="PASSED">
         <system-out><![CDATA[31-01-2024T23:47:38 - [TEST_CASE][PASSED] - Test Cases/008_TC_AMAZON_ValidationAmazonCategory_DDT_InternalData: Test Cases/008_TC_AMAZON_ValidationAmazonCategory_DDT_InternalData

31-01-2024T23:47:38 - [TEST_STEP][PASSED] - openBrowser(""): Browser is opened with url: ''

31-01-2024T23:47:39 - [MESSAGE][INFO] - Starting 'Chrome' driver

31-01-2024T23:47:39 - [MESSAGE][INFO] - Action delay is set to 0 milliseconds

31-01-2024T23:47:40 - [MESSAGE][PASSED] - Browser is opened with url: ''

31-01-2024T23:47:40 - [TEST_STEP][PASSED] - navigateToUrl("https://www.amazon.com/"): Navigate to 'https://www.amazon.com/' successfully

31-01-2024T23:47:44 - [MESSAGE][PASSED] - Navigate to 'https://www.amazon.com/' successfully

31-01-2024T23:47:44 - [TEST_STEP][PASSED] - selectOptionByLabel(findTestObject("AMAZON_CategoryValidationDDT_OR/Page_Amazon.com. Spend less. Smile more/All Departments"), category, false): All options with label 'Baby' are selected in object 'Object Repository/AMAZON_CategoryValidationDDT_OR/Page_Amazon.com. Spend less. Smile more/All Departments' 

31-01-2024T23:48:17 - [MESSAGE][INFO] - Unable to find the element located by 'By.xpath: //select[@id='searchDropdownBox']'. Please recheck the objects properties to make sure the desired element is located. 

31-01-2024T23:48:17 - [MESSAGE][WARNING] - [SELF-HEALING] Failed to find element with id 'Object Repository/AMAZON_CategoryValidationDDT_OR/Page_Amazon.com. Spend less. Smile more/All Departments'. Try using Self-healing.

31-01-2024T23:48:19 - [MESSAGE][WARNING] - [SELF-HEALING] The current locator of test object 'Object Repository/AMAZON_CategoryValidationDDT_OR/Page_Amazon.com. Spend less. Smile more/All Departments' was broken. Propose an alternative one: '//select[@id='searchDropdownBox']'.

31-01-2024T23:48:19 - [MESSAGE][PASSED] - All options with label 'Baby' are selected in object 'Object Repository/AMAZON_CategoryValidationDDT_OR/Page_Amazon.com. Spend less. Smile more/All Departments' 

31-01-2024T23:48:19 - [TEST_STEP][PASSED] - setText(findTestObject("AMAZON_CategoryValidationDDT_OR/Page_Amazon.com. Spend less. Smile more/input_Search_field"), item): Text 'Walker' is set on object 'Object Repository/AMAZON_CategoryValidationDDT_OR/Page_Amazon.com. Spend less. Smile more/input_Search_field'

31-01-2024T23:48:21 - [MESSAGE][PASSED] - Text 'Walker' is set on object 'Object Repository/AMAZON_CategoryValidationDDT_OR/Page_Amazon.com. Spend less. Smile more/input_Search_field'

31-01-2024T23:48:21 - [TEST_STEP][PASSED] - click(findTestObject("AMAZON_CategoryValidationDDT_OR/Page_Amazon.com. Spend less. Smile more/Search-submit-button")): Object: 'Object Repository/AMAZON_CategoryValidationDDT_OR/Page_Amazon.com. Spend less. Smile more/Search-submit-button' is clicked on

31-01-2024T23:48:31 - [MESSAGE][PASSED] - Object: 'Object Repository/AMAZON_CategoryValidationDDT_OR/Page_Amazon.com. Spend less. Smile more/Search-submit-button' is clicked on

31-01-2024T23:48:31 - [TEST_STEP][PASSED] - closeBrowser(): Browser is closed

31-01-2024T23:48:31 - [MESSAGE][PASSED] - Browser is closed]]></system-out>
         <system-err><![CDATA[]]></system-err>
      </testcase>
      <testcase name="Test Cases/008_TC_AMAZON_ValidationAmazonCategory_DDT_InternalData" time="53.096" classname="Test Cases/008_TC_AMAZON_ValidationAmazonCategory_DDT_InternalData" status="PASSED">
         <system-out><![CDATA[31-01-2024T23:48:31 - [TEST_CASE][PASSED] - Test Cases/008_TC_AMAZON_ValidationAmazonCategory_DDT_InternalData: Test Cases/008_TC_AMAZON_ValidationAmazonCategory_DDT_InternalData

31-01-2024T23:48:31 - [TEST_STEP][PASSED] - openBrowser(""): Browser is opened with url: ''

31-01-2024T23:48:31 - [MESSAGE][INFO] - Starting 'Chrome' driver

31-01-2024T23:48:31 - [MESSAGE][INFO] - Action delay is set to 0 milliseconds

31-01-2024T23:48:32 - [MESSAGE][PASSED] - Browser is opened with url: ''

31-01-2024T23:48:32 - [TEST_STEP][PASSED] - navigateToUrl("https://www.amazon.com/"): Navigate to 'https://www.amazon.com/' successfully

31-01-2024T23:48:34 - [MESSAGE][PASSED] - Navigate to 'https://www.amazon.com/' successfully

31-01-2024T23:48:34 - [TEST_STEP][PASSED] - selectOptionByLabel(findTestObject("AMAZON_CategoryValidationDDT_OR/Page_Amazon.com. Spend less. Smile more/All Departments"), category, false): All options with label 'Books' are selected in object 'Object Repository/AMAZON_CategoryValidationDDT_OR/Page_Amazon.com. Spend less. Smile more/All Departments' 

31-01-2024T23:49:15 - [MESSAGE][PASSED] - All options with label 'Books' are selected in object 'Object Repository/AMAZON_CategoryValidationDDT_OR/Page_Amazon.com. Spend less. Smile more/All Departments' 

31-01-2024T23:49:15 - [TEST_STEP][PASSED] - setText(findTestObject("AMAZON_CategoryValidationDDT_OR/Page_Amazon.com. Spend less. Smile more/input_Search_field"), item): Text 'Python' is set on object 'Object Repository/AMAZON_CategoryValidationDDT_OR/Page_Amazon.com. Spend less. Smile more/input_Search_field'

31-01-2024T23:49:17 - [MESSAGE][PASSED] - Text 'Python' is set on object 'Object Repository/AMAZON_CategoryValidationDDT_OR/Page_Amazon.com. Spend less. Smile more/input_Search_field'

31-01-2024T23:49:17 - [TEST_STEP][PASSED] - click(findTestObject("AMAZON_CategoryValidationDDT_OR/Page_Amazon.com. Spend less. Smile more/Search-submit-button")): Object: 'Object Repository/AMAZON_CategoryValidationDDT_OR/Page_Amazon.com. Spend less. Smile more/Search-submit-button' is clicked on

31-01-2024T23:49:24 - [MESSAGE][PASSED] - Object: 'Object Repository/AMAZON_CategoryValidationDDT_OR/Page_Amazon.com. Spend less. Smile more/Search-submit-button' is clicked on

31-01-2024T23:49:24 - [TEST_STEP][PASSED] - closeBrowser(): Browser is closed

31-01-2024T23:49:24 - [MESSAGE][PASSED] - Browser is closed]]></system-out>
         <system-err><![CDATA[]]></system-err>
      </testcase>
      <system-out><![CDATA[31-01-2024T23:47:38 - [TEST_SUITE][PASSED] - AmazonCategory_InternalData_DDT_003: Test Cases/008_TC_AMAZON_ValidationAmazonCategory_DDT_InternalData]]></system-out>
      <system-err><![CDATA[]]></system-err>
   </testsuite>
</testsuites>
