<?xml version="1.0" encoding="UTF-8"?>
<testsuites name="Select_By_Value_And_Label_Validation" time="336.075" tests="2" failures="0" errors="0">
   <testsuite name="Select_By_Value_And_Label_Validation" tests="2" failures="0" errors="0" time="336.075" skipped="0" timestamp="01-02-2024T22:08:17" hostname="avina - 10.1.195.80" id="Test Suites/AMAZON_AUT_SelectButtonValidation/Select_By_Value_And_Label_Validation">
      <properties>
         <property name="deviceName" value=""/>
         <property name="devicePlatform" value=""/>
         <property name="logFolder" value="C:\\Users\\avina\\git\\SI-GuidedProject-705559-1705495203\\AMAZON AUT\\Reports\\20240201_220811\\AMAZON_AUT_SelectButtonValidation\\Select_By_Value_And_Label_Validation\\20240201_220812"/>
         <property name="logFiles" value="C:\\Users\\avina\\git\\SI-GuidedProject-705559-1705495203\\AMAZON AUT\\Reports\\20240201_220811\\AMAZON_AUT_SelectButtonValidation\\Select_By_Value_And_Label_Validation\\20240201_220812\\execution0.log"/>
         <property name="attachments" value=""/>
         <property name="hostName" value="avina - 10.1.195.80"/>
         <property name="os" value="Windows 11 64bit"/>
         <property name="katalonVersion" value="9.1.0.212"/>
         <property name="browser" value="Chrome 121.0.0.0"/>
         <property name="hostAddress" value="10.1.195.80"/>
         <property name="sessionId" value="ca8ad68e807cd096333b221734cc5432"/>
         <property name="seleniumVersion" value="3.141.59"/>
         <property name="proxyInformation" value="ProxyInformation { proxyOption=NO_PROXY, proxyServerType=HTTP, username=, password=********, proxyServerAddress=, proxyServerPort=0, executionList=&quot;&quot;, isApplyToDesiredCapabilities=true }"/>
         <property name="platform" value="Windows 11"/>
      </properties>
      <testcase name="Test Cases/009_TC_AMAZON_ValidateSelectByLabelButton" time="110.564" classname="Test Cases/009_TC_AMAZON_ValidateSelectByLabelButton" status="PASSED">
         <system-out><![CDATA[01-02-2024T22:08:18 - [TEST_CASE][PASSED] - Test Cases/009_TC_AMAZON_ValidateSelectByLabelButton: Test Cases/009_TC_AMAZON_ValidateSelectByLabelButton

01-02-2024T22:08:18 - [TEST_STEP][PASSED] - openBrowser(""): Browser is opened with url: ''

01-02-2024T22:08:19 - [MESSAGE][INFO] - Starting 'Chrome' driver

01-02-2024T22:08:19 - [MESSAGE][INFO] - Action delay is set to 0 milliseconds

01-02-2024T22:08:21 - [MESSAGE][PASSED] - Browser is opened with url: ''

01-02-2024T22:08:21 - [TEST_STEP][PASSED] - navigateToUrl(AUT_URL): Navigate to 'http://www.amazon.com' successfully

01-02-2024T22:08:24 - [MESSAGE][PASSED] - Navigate to 'http://www.amazon.com' successfully

01-02-2024T22:08:24 - [TEST_STEP][PASSED] - selectOptionByLabel(findTestObject("AMAZON_CategoryValidationDDT_OR/Page_Amazon.com. Spend less. Smile more/All Departments"), category, false): All options with label 'Books' are selected in object 'Object Repository/AMAZON_CategoryValidationDDT_OR/Page_Amazon.com. Spend less. Smile more/All Departments' 

01-02-2024T22:09:35 - [MESSAGE][PASSED] - All options with label 'Books' are selected in object 'Object Repository/AMAZON_CategoryValidationDDT_OR/Page_Amazon.com. Spend less. Smile more/All Departments' 

01-02-2024T22:09:35 - [TEST_STEP][PASSED] - setText(findTestObject("AMAZON_CategoryValidationDDT_OR/Page_Amazon.com. Spend less. Smile more/input_Search_field"), item): Text 'Da Vinci Code
' is set on object 'Object Repository/AMAZON_CategoryValidationDDT_OR/Page_Amazon.com. Spend less. Smile more/input_Search_field'

01-02-2024T22:10:00 - [MESSAGE][PASSED] - Text 'Da Vinci Code
' is set on object 'Object Repository/AMAZON_CategoryValidationDDT_OR/Page_Amazon.com. Spend less. Smile more/input_Search_field'

01-02-2024T22:10:00 - [TEST_STEP][PASSED] - click(findTestObject("AMAZON_CategoryValidationDDT_OR/Page_Amazon.com. Spend less. Smile more/Search-submit-button")): Object: 'Object Repository/AMAZON_CategoryValidationDDT_OR/Page_Amazon.com. Spend less. Smile more/Search-submit-button' is clicked on

01-02-2024T22:10:08 - [MESSAGE][PASSED] - Object: 'Object Repository/AMAZON_CategoryValidationDDT_OR/Page_Amazon.com. Spend less. Smile more/Search-submit-button' is clicked on

01-02-2024T22:10:08 - [TEST_STEP][PASSED] - closeBrowser(): Browser is closed

01-02-2024T22:10:08 - [MESSAGE][PASSED] - Browser is closed]]></system-out>
         <system-err><![CDATA[]]></system-err>
      </testcase>
      <testcase name="Test Cases/010_TC_AMAZON_ValidateSelectByValueButton" time="225.221" classname="Test Cases/010_TC_AMAZON_ValidateSelectByValueButton" status="PASSED">
         <system-out><![CDATA[01-02-2024T22:10:08 - [TEST_CASE][PASSED] - Test Cases/010_TC_AMAZON_ValidateSelectByValueButton: Test Cases/010_TC_AMAZON_ValidateSelectByValueButton

01-02-2024T22:10:08 - [TEST_STEP][PASSED] - openBrowser(""): Browser is opened with url: ''

01-02-2024T22:10:08 - [MESSAGE][INFO] - Starting 'Chrome' driver

01-02-2024T22:10:08 - [MESSAGE][INFO] - Action delay is set to 0 milliseconds

01-02-2024T22:10:09 - [MESSAGE][PASSED] - Browser is opened with url: ''

01-02-2024T22:10:09 - [TEST_STEP][PASSED] - navigateToUrl("https://www.amazon.in/Hauser-Comfortable-Smudge-Writing-Refillable/dp/B0B6Q92HGV/ref=sr_1_4?crid=2W6ZM100QX20Y&keywords=pens&qid=1706803638&s=office&sprefix=pens%2Coffice-products%2C358&sr=1-4&th=1"): Navigate to 'https://www.amazon.in/Hauser-Comfortable-Smudge-Writing-Refillable/dp/B0B6Q92HGV/ref=sr_1_4?crid=2W6ZM100QX20Y&keywords=pens&qid=1706803638&s=office&sprefix=pens%2Coffice-products%2C358&sr=1-4&th=1' successfully

01-02-2024T22:10:14 - [MESSAGE][PASSED] - Navigate to 'https://www.amazon.in/Hauser-Comfortable-Smudge-Writing-Refillable/dp/B0B6Q92HGV/ref=sr_1_4?crid=2W6ZM100QX20Y&keywords=pens&qid=1706803638&s=office&sprefix=pens%2Coffice-products%2C358&sr=1-4&th=1' successfully

01-02-2024T22:10:14 - [TEST_STEP][PASSED] - selectOptionByValue(findTestObject("AMAZON_ValidationOfButton_OR/select_1        2        3        4        _45ea30"), Qty, true): All options with value '5' are selected in object 'Object Repository/AMAZON_ValidationOfButton_OR/select_1        2        3        4        _45ea30'  using regular expression

01-02-2024T22:13:36 - [MESSAGE][INFO] - Unable to find the element located by 'By.xpath: //select[@id='quantity']'. Please recheck the objects properties to make sure the desired element is located. 

01-02-2024T22:13:36 - [MESSAGE][WARNING] - [SELF-HEALING] Failed to find element with id 'Object Repository/AMAZON_ValidationOfButton_OR/select_1        2        3        4        _45ea30'. Try using Self-healing.

01-02-2024T22:13:43 - [MESSAGE][INFO] - [SELF-HEALING] Working Locator: '//select[@id='quantity']'.

01-02-2024T22:13:43 - [MESSAGE][INFO] - [SELF-HEALING] Screenshot: C:/Users/avina/git/SI-GuidedProject-705559-1705495203/AMAZON AUT/Reports/Self-healing/Object Repository/AMAZON_ValidationOfButton_OR/select_1        2        3        4        _45ea30_attributes.png

01-02-2024T22:13:43 - [MESSAGE][WARNING] - [SELF-HEALING] The current locator of test object 'Object Repository/AMAZON_ValidationOfButton_OR/select_1        2        3        4        _45ea30' was broken. Propose an alternative one: '//select[@id='quantity']'.

01-02-2024T22:13:48 - [MESSAGE][PASSED] - All options with value '5' are selected in object 'Object Repository/AMAZON_ValidationOfButton_OR/select_1        2        3        4        _45ea30'  using regular expression

01-02-2024T22:13:48 - [TEST_STEP][PASSED] - delay(5): Delayed 5 second(s)

01-02-2024T22:13:53 - [MESSAGE][PASSED] - Delayed 5 second(s)

01-02-2024T22:13:53 - [TEST_STEP][PASSED] - closeBrowser(): Browser is closed

01-02-2024T22:13:53 - [MESSAGE][PASSED] - Browser is closed]]></system-out>
         <system-err><![CDATA[]]></system-err>
      </testcase>
      <system-out><![CDATA[01-02-2024T22:08:17 - [TEST_SUITE][PASSED] - Select_By_Value_And_Label_Validation: Test Cases/010_TC_AMAZON_ValidateSelectByValueButton]]></system-out>
      <system-err><![CDATA[]]></system-err>
   </testsuite>
</testsuites>
